<?xml version="1.0" encoding="UTF-8"?>
<!-- Generated by org.testng.reporters.JUnitReportReporter -->
<testsuite hostname="Yingqiaos-MBP-2" failures="0" tests="1" name="runners.Test2Runner" time="138.298" errors="0" timestamp="08 Apr 2018 19:04:32 GMT" skipped="0">
  <testcase classname="runners.Test2Runner" name="feature" time="138.298"/>
</testsuite> <!-- runners.Test2Runner -->
